<?xml version="1.0" encoding="UTF-8"?>
<!-- Generated by org.testng.reporters.JUnitXMLReporter -->
<testsuite ignored="2" hostname="Trantor-LP307" failures="2" tests="2" name="SmokeTests" time="0.055" errors="0" timestamp="2025-11-21T12:27:07 IST">
  <testcase classname="pck.TestsGrouping" name="openGoogle" time="0.015">
    <failure type="java.lang.NullPointerException" message="Cannot invoke &amp;quot;org.openqa.selenium.WebDriver.get(String)&amp;quot; because &amp;quot;this.driver&amp;quot; is null">
      <![CDATA[java.lang.NullPointerException: Cannot invoke "org.openqa.selenium.WebDriver.get(String)" because "this.driver" is null
at pck.TestsGrouping.openGoogle(TestsGrouping.java:29)
at java.base/java.util.ArrayList.forEach(ArrayList.java:1596)
... Removed 25 stack frames]]>
    </failure>
  </testcase> <!-- openGoogle -->
  <testcase classname="pck.TestsGrouping" name="openYahoo" time="0.001">
    <failure type="java.lang.NullPointerException" message="Cannot invoke &amp;quot;org.openqa.selenium.WebDriver.get(String)&amp;quot; because &amp;quot;this.driver&amp;quot; is null">
      <![CDATA[java.lang.NullPointerException: Cannot invoke "org.openqa.selenium.WebDriver.get(String)" because "this.driver" is null
at pck.TestsGrouping.openYahoo(TestsGrouping.java:50)
at java.base/java.util.ArrayList.forEach(ArrayList.java:1596)
... Removed 25 stack frames]]>
    </failure>
  </testcase> <!-- openYahoo -->
  <testcase classname="pck.TestsGrouping" name="openBing" time="0.0">
    <ignored/>
  </testcase> <!-- openBing -->
  <testcase classname="pck.TestsGrouping" name="openDuckDuckGo" time="0.0">
    <ignored/>
  </testcase> <!-- openDuckDuckGo -->
</testsuite> <!-- SmokeTests -->
