<?xml version="1.0" encoding="UTF-8"?>
<!-- Generated by org.testng.reporters.JUnitReportReporter -->
<testsuite hostname="Trantor-LP307" failures="0" tests="3" name="pck.MoreKeywords" time="10.420" errors="0" timestamp="2025-11-07T13:04:32 IST" skipped="0">
  <testcase classname="pck.MoreKeywords" name="WampContactPage" time="3.959"/>
  <testcase classname="pck.MoreKeywords" name="WampContactPage" time="3.128"/>
  <testcase classname="pck.MoreKeywords" name="WampContactPage" time="3.333"/>
</testsuite> <!-- pck.MoreKeywords -->
