<?xml version="1.0" encoding="UTF-8"?>
<testng-results ignored="0" total="1" passed="1" failed="0" skipped="0">
  <reporter-output>
  </reporter-output>
  <suite started-at="2025-11-29T11:33:22 IST" name="Default suite" finished-at="2025-11-29T11:33:28 IST" duration-ms="6222">
    <groups>
    </groups>
    <test started-at="2025-11-29T11:33:22 IST" name="Default test" finished-at="2025-11-29T11:33:28 IST" duration-ms="6222">
      <class name="pck.AccessBaseClass">
        <test-method is-config="true" signature="setupClass()[pri:0, instance:pck.AccessBaseClass@49ec71f8]" started-at="2025-11-29T11:33:22 IST" name="setupClass" finished-at="2025-11-29T11:33:26 IST" duration-ms="3888" status="PASS">
          <reporter-output>
          </reporter-output>
        </test-method> <!-- setupClass -->
        <test-method signature="google()[pri:0, instance:pck.AccessBaseClass@49ec71f8]" started-at="2025-11-29T11:33:26 IST" name="google" finished-at="2025-11-29T11:33:28 IST" duration-ms="2036" status="PASS">
          <reporter-output>
          </reporter-output>
        </test-method> <!-- google -->
        <test-method is-config="true" signature="tearDown()[pri:0, instance:pck.AccessBaseClass@49ec71f8]" started-at="2025-11-29T11:33:28 IST" name="tearDown" finished-at="2025-11-29T11:33:28 IST" duration-ms="266" status="PASS">
          <reporter-output>
          </reporter-output>
        </test-method> <!-- tearDown -->
      </class> <!-- pck.AccessBaseClass -->
    </test> <!-- Default test -->
  </suite> <!-- Default suite -->
</testng-results>
